<?xml version="1.0" encoding="UTF-8"?>
<testng-results ignored="0" total="1" passed="1" failed="0" skipped="0">
  <reporter-output>
  </reporter-output>
  <suite started-at="2023-10-05T01:39:54 OMST" name="Default suite" finished-at="2023-10-05T01:40:06 OMST" duration-ms="11919">
    <groups>
    </groups>
    <test started-at="2023-10-05T01:39:54 OMST" name="Default test" finished-at="2023-10-05T01:40:06 OMST" duration-ms="11919">
      <class name="test_maven.SimpleMaven">
        <test-method signature="runBrowser()[pri:0, instance:test_maven.SimpleMaven@6c1a5b54]" started-at="2023-10-05T01:39:54 OMST" name="runBrowser" finished-at="2023-10-05T01:40:06 OMST" duration-ms="11819" status="PASS">
          <reporter-output>
          </reporter-output>
        </test-method> <!-- runBrowser -->
      </class> <!-- test_maven.SimpleMaven -->
    </test> <!-- Default test -->
  </suite> <!-- Default suite -->
</testng-results>
